<?xml version="1.0" encoding="utf-8"?><testsuites name="pytest tests"><testsuite name="pytest" errors="0" failures="0" skipped="0" tests="13" time="1.124" timestamp="2025-11-10T16:09:55.477901+04:00" hostname="LAPTOP-A2J29BQQ"><testcase classname="test_parser" name="test_parser_success" time="0.001" /><testcase classname="test_parser" name="test_parser_missing_arg" time="0.003" /><testcase classname="test_process_df" name="test_add_columns" time="0.002" /><testcase classname="test_process_df" name="test_sorted_df_filtering" time="0.001" /><testcase classname="test_process_df" name="test_add_area_column" time="0.001" /><testcase classname="test_process_df" name="test_sort_areas_ascending" time="0.002" /><testcase classname="test_process_df" name="test_add_columns_with_invalid" time="0.002" /><testcase classname="test_process_df" name="test_area_edge_cases" time="0.002" /><testcase classname="test_process_df" name="test_empty_dataframe" time="0.002" /><testcase classname="test_process_hist" name="test_make_hist" time="0.102" /><testcase classname="test_process_hist" name="test_hist_with_nan_values" time="0.016" /><testcase classname="unit_tests" name="test_complete_workflow" time="0.059" /><testcase classname="unit_tests" name="test_workflow_with_invalid_images" time="0.020" /></testsuite></testsuites>